<?xml version="1.0" encoding="UTF-8"?>
<testng-results skipped="0" failed="0" ignored="0" total="3" passed="3">
  <reporter-output>
  </reporter-output>
  <suite name="Suite" duration-ms="2572" started-at="2021-06-27T07:09:28 UTC" finished-at="2021-06-27T07:09:30 UTC">
    <groups>
    </groups>
    <test name="Test" duration-ms="2572" started-at="2021-06-27T07:09:28 UTC" finished-at="2021-06-27T07:09:30 UTC">
      <class name="test.ProductSelection">
        <test-method status="PASS" signature="setup()[pri:0, instance:test.ProductSelection@42d8062c]" name="setup" is-config="true" duration-ms="1615" started-at="2021-06-27T07:09:28 UTC" finished-at="2021-06-27T07:09:29 UTC">
          <reporter-output>
          </reporter-output>
        </test-method> <!-- setup -->
        <test-method status="PASS" signature="login()[pri:0, instance:test.ProductSelection@42d8062c]" name="login" duration-ms="391" started-at="2021-06-27T07:09:30 UTC" finished-at="2021-06-27T07:09:30 UTC">
          <reporter-output>
          </reporter-output>
        </test-method> <!-- login -->
        <test-method status="PASS" signature="addtocart()[pri:0, instance:test.ProductSelection@42d8062c]" name="addtocart" duration-ms="208" started-at="2021-06-27T07:09:30 UTC" depends-on-methods="test.ProductSelection.login" finished-at="2021-06-27T07:09:30 UTC">
          <reporter-output>
          </reporter-output>
        </test-method> <!-- addtocart -->
        <test-method status="PASS" signature="cart()[pri:0, instance:test.ProductSelection@42d8062c]" name="cart" duration-ms="101" started-at="2021-06-27T07:09:30 UTC" depends-on-methods="test.ProductSelection.addtocart" finished-at="2021-06-27T07:09:30 UTC">
          <reporter-output>
          </reporter-output>
        </test-method> <!-- cart -->
        <test-method status="PASS" signature="TearDown()[pri:0, instance:test.ProductSelection@42d8062c]" name="TearDown" is-config="true" duration-ms="225" started-at="2021-06-27T07:09:30 UTC" finished-at="2021-06-27T07:09:30 UTC">
          <reporter-output>
          </reporter-output>
        </test-method> <!-- TearDown -->
      </class> <!-- test.ProductSelection -->
    </test> <!-- Test -->
  </suite> <!-- Suite -->
</testng-results>
